2025-01-23 17:14:23.301 Verbose logging enabled
SLF4J: Failed to load class "org.slf4j.impl.StaticLoggerBinder".
SLF4J: Defaulting to no-operation (NOP) logger implementation
SLF4J: See http://www.slf4j.org/codes.html#StaticLoggerBinder for further details.
2025-01-23 17:14:28.344 Verbose logging enabled
 /$$      /$$ /$$                     /$$      /$$                     /$$      
| $$  /$ | $$|__/                    | $$$    /$$$                    | $$      
| $$ /$$$| $$ /$$  /$$$$$$   /$$$$$$ | $$$$  /$$$$  /$$$$$$   /$$$$$$$| $$   /$$
| $$/$$ $$ $$| $$ /$$__  $$ /$$__  $$| $$ $$/$$ $$ /$$__  $$ /$$_____/| $$  /$$/
| $$$$_  $$$$| $$| $$  \__/| $$$$$$$$| $$  $$$| $$| $$  \ $$| $$      | $$$$$$/ 
| $$$/ \  $$$| $$| $$      | $$_____/| $$\  $ | $$| $$  | $$| $$      | $$_  $$ 
| $$/   \  $$| $$| $$      |  $$$$$$$| $$ \/  | $$|  $$$$$$/|  $$$$$$$| $$ \  $$
|__/     \__/|__/|__/       \_______/|__/     |__/ \______/  \_______/|__/  \__/

port:                         8081
enable-browser-proxying:      false
no-request-journal:           false
verbose:                      true

2025-01-23 17:14:38.223 Request received:
0:0:0:0:0:0:0:1 - GET /products

User-Agent: [PostmanRuntime/7.43.0]
Connection: [keep-alive]
Postman-Token: [4771b85e-9f0b-41c7-9137-4a9578e276b9]
Host: [localhost:8081]
Accept-Encoding: [gzip, deflate, br]
Accept: [*/*]



Matched response definition:
{
  "status" : 200,
  "body" : "[{\"id\":\"Dwt5F7KAhi\",\"name\":\"Amazing Pizza!\",\"price\":1099},{\"id\":\"PWWe3w1SDU\",\"name\":\"Amazing Burger!\",\"price\":999},{\"id\":\"C8GDyLrHJb\",\"name\":\"Amazing Salad!\",\"price\":499},{\"id\":\"4MB7UfpTQs\",\"name\":\"Boring Fries!\",\"price\":199}]",
  "headers" : {
    "Content-Type" : "application/json"
  }
}

Response:
HTTP/1.1 200
Content-Type: [application/json]

[{"id":"Dwt5F7KAhi","name":"Amazing Pizza!","price":1099},{"id":"PWWe3w1SDU","name":"Amazing Burger!","price":999},{"id":"C8GDyLrHJb","name":"Amazing Salad!","price":499},{"id":"4MB7UfpTQs","name":"Boring Fries!","price":199}]

2025-01-23 17:14:49.310 Request received:
0:0:0:0:0:0:0:1 - GET /products/4MB7UfpTQs

User-Agent: [PostmanRuntime/7.43.0]
Connection: [keep-alive]
Postman-Token: [a01d40b4-e3fc-40df-9dbf-76ec892beb26]
Host: [localhost:8081]
Accept-Encoding: [gzip, deflate, br]
Accept: [*/*]



Matched response definition:
{
  "status" : 200,
  "body" : "{\"id\":\"4MB7UfpTQs\",\"name\":\"Boring Fries!\",\"price\":199,\"promotions\":[]}",
  "headers" : {
    "Content-Type" : "application/json"
  }
}

Response:
HTTP/1.1 200
Content-Type: [application/json]

{"id":"4MB7UfpTQs","name":"Boring Fries!","price":199,"promotions":[]}

2025-01-23 17:15:06.271 Request received:
127.0.0.1 - GET /products/4MB7UfpTQs

User-Agent: [Java/21.0.2]
Connection: [keep-alive]
Host: [localhost:8081]
Accept: [*/*]



Matched response definition:
{
  "status" : 200,
  "body" : "{\"id\":\"4MB7UfpTQs\",\"name\":\"Boring Fries!\",\"price\":199,\"promotions\":[]}",
  "headers" : {
    "Content-Type" : "application/json"
  }
}

Response:
HTTP/1.1 200
Content-Type: [application/json]

{"id":"4MB7UfpTQs","name":"Boring Fries!","price":199,"promotions":[]}

2025-01-23 17:15:45.483 
                                               Request was not matched
                                               =======================

-----------------------------------------------------------------------------------------------------------------------
| Closest stub                                             | Request                                                  |
-----------------------------------------------------------------------------------------------------------------------
                                                           |
GET                                                        | GET
/products                                                  | /favicon.ico                                        <<<<< URL does not match
                                                           |
                                                           |
-----------------------------------------------------------------------------------------------------------------------

2025-01-23 17:15:45.494 Request received:
0:0:0:0:0:0:0:1 - GET /favicon.ico

Accept: [image/avif,image/webp,image/apng,image/svg+xml,image/*,*/*;q=0.8]
Connection: [keep-alive]
User-Agent: [Mozilla/5.0 (Windows NT 10.0; Win64; x64) AppleWebKit/537.36 (KHTML, like Gecko) Chrome/131.0.0.0 Safari/537.36]
Referer: [http://localhost:8081/products]
Sec-Fetch-Site: [same-origin]
Sec-Fetch-Dest: [image]
Host: [localhost:8081]
Accept-Encoding: [gzip, deflate, br, zstd]
Sec-Fetch-Mode: [no-cors]
sec-ch-ua: ["Google Chrome";v="131", "Chromium";v="131", "Not_A Brand";v="24"]
sec-ch-ua-mobile: [?0]
sec-ch-ua-platform: ["Windows"]
Accept-Language: [pt-BR,pt;q=0.9,en-US;q=0.8,en;q=0.7]



Matched response definition:
(no response definition configured)

Response:
HTTP/1.1 404
(no headers)


2025-01-23 17:15:45.653 Received request to /not-matched with body 
2025-01-23 17:19:46.010 Request received:
127.0.0.1 - GET /products/4MB7UfpTQs

User-Agent: [Java/21.0.2]
Connection: [keep-alive]
Host: [localhost:8081]
Accept: [*/*]



Matched response definition:
{
  "status" : 200,
  "body" : "{\"id\":\"4MB7UfpTQs\",\"name\":\"Boring Fries!\",\"price\":199,\"promotions\":[]}",
  "headers" : {
    "Content-Type" : "application/json"
  }
}

Response:
HTTP/1.1 200
Content-Type: [application/json]

{"id":"4MB7UfpTQs","name":"Boring Fries!","price":199,"promotions":[]}

